{"contracts\\ERC20Mock.sol":{"l":{"21":13,"22":13,"23":13,"27":31,"28":31,"29":31,"30":31,"31":31,"39":13,"40":13,"42":12,"43":12,"44":12,"46":12,"47":12,"51":27,"52":27,"53":27,"57":0,"58":0,"59":0},"path":"C:\\Users\\Administrator\\Desktop\\staking-coverage\\contracts\\ERC20Mock.sol","s":{"1":13,"2":31,"3":31,"4":31,"5":13,"6":13,"7":12,"8":12,"9":27,"10":27,"11":0},"b":{"1":[31,0],"2":[13,0],"3":[12,1]},"f":{"1":13,"2":31,"3":13,"4":27,"5":0},"fnMap":{"1":{"name":"constructor","line":20,"loc":{"start":{"line":20,"column":4},"end":{"line":24,"column":4}}},"2":{"name":"transfer","line":26,"loc":{"start":{"line":26,"column":4},"end":{"line":32,"column":4}}},"3":{"name":"transferFrom","line":34,"loc":{"start":{"line":34,"column":4},"end":{"line":48,"column":4}}},"4":{"name":"approve","line":50,"loc":{"start":{"line":50,"column":4},"end":{"line":54,"column":4}}},"5":{"name":"mint","line":56,"loc":{"start":{"line":56,"column":4},"end":{"line":60,"column":4}}}},"statementMap":{"1":{"start":{"line":23,"column":8},"end":{"line":23,"column":59}},"2":{"start":{"line":27,"column":8},"end":{"line":27,"column":70}},"3":{"start":{"line":30,"column":8},"end":{"line":30,"column":44}},"4":{"start":{"line":31,"column":8},"end":{"line":31,"column":19}},"5":{"start":{"line":39,"column":8},"end":{"line":39,"column":64}},"6":{"start":{"line":40,"column":8},"end":{"line":40,"column":78}},"7":{"start":{"line":46,"column":8},"end":{"line":46,"column":38}},"8":{"start":{"line":47,"column":8},"end":{"line":47,"column":19}},"9":{"start":{"line":52,"column":8},"end":{"line":52,"column":49}},"10":{"start":{"line":53,"column":8},"end":{"line":53,"column":19}},"11":{"start":{"line":59,"column":8},"end":{"line":59,"column":45}}},"branchMap":{"1":{"line":27,"type":"if","locations":[{"start":{"line":27,"column":8},"end":{"line":27,"column":8}},{"start":{"line":27,"column":8},"end":{"line":27,"column":8}}]},"2":{"line":39,"type":"if","locations":[{"start":{"line":39,"column":8},"end":{"line":39,"column":8}},{"start":{"line":39,"column":8},"end":{"line":39,"column":8}}]},"3":{"line":40,"type":"if","locations":[{"start":{"line":40,"column":8},"end":{"line":40,"column":8}},{"start":{"line":40,"column":8},"end":{"line":40,"column":8}}]}}},"contracts\\Staking.sol":{"l":{"20":13,"47":15,"48":14,"53":13,"54":1,"56":13,"61":12,"63":12,"65":12,"67":12,"72":2,"73":2,"78":1,"79":1,"80":1,"81":1,"82":1,"86":1,"91":2,"93":2,"95":2,"96":2,"98":2,"102":2,"106":8,"107":0,"109":8,"112":8,"113":8,"114":2,"117":6,"122":2},"path":"C:\\Users\\Administrator\\Desktop\\staking-coverage\\contracts\\Staking.sol","s":{"1":15,"2":14,"3":13,"4":13,"5":12,"6":2,"7":2,"8":1,"9":1,"10":2,"11":2,"12":2,"13":2,"14":8,"15":0,"16":8,"17":8,"18":8,"19":2,"20":6,"21":2},"b":{"1":[14,1],"2":[13,1],"3":[1,12],"4":[12,1],"5":[2,0],"6":[1,1],"7":[1,0],"8":[2,0],"9":[2,0],"10":[0,8],"11":[2,6]},"f":{"1":13,"2":15,"3":2,"4":2,"5":8,"6":2},"fnMap":{"1":{"name":"constructor","line":19,"loc":{"start":{"line":19,"column":4},"end":{"line":21,"column":4}}},"2":{"name":"stake","line":46,"loc":{"start":{"line":46,"column":4},"end":{"line":68,"column":4}}},"3":{"name":"unstake","line":71,"loc":{"start":{"line":71,"column":4},"end":{"line":87,"column":4}}},"4":{"name":"claimReward","line":89,"loc":{"start":{"line":89,"column":4},"end":{"line":103,"column":4}}},"5":{"name":"calculateReward","line":105,"loc":{"start":{"line":105,"column":4},"end":{"line":118,"column":4}}},"6":{"name":"getTotalRewards","line":121,"loc":{"start":{"line":121,"column":4},"end":{"line":123,"column":4}}}},"statementMap":{"1":{"start":{"line":47,"column":8},"end":{"line":47,"column":59}},"2":{"start":{"line":48,"column":8},"end":{"line":48,"column":1256}},"3":{"start":{"line":53,"column":8},"end":{"line":53,"column":1403}},"4":{"start":{"line":56,"column":8},"end":{"line":56,"column":1525}},"5":{"start":{"line":67,"column":8},"end":{"line":67,"column":39}},"6":{"start":{"line":72,"column":8},"end":{"line":72,"column":59}},"7":{"start":{"line":73,"column":8},"end":{"line":73,"column":2067}},"8":{"start":{"line":82,"column":8},"end":{"line":82,"column":2408}},"9":{"start":{"line":86,"column":8},"end":{"line":86,"column":41}},"10":{"start":{"line":91,"column":8},"end":{"line":91,"column":74}},"11":{"start":{"line":93,"column":8},"end":{"line":93,"column":49}},"12":{"start":{"line":98,"column":8},"end":{"line":98,"column":2933}},"13":{"start":{"line":102,"column":8},"end":{"line":102,"column":46}},"14":{"start":{"line":106,"column":8},"end":{"line":106,"column":3191}},"15":{"start":{"line":107,"column":12},"end":{"line":107,"column":20}},"16":{"start":{"line":109,"column":8},"end":{"line":109,"column":74}},"17":{"start":{"line":112,"column":8},"end":{"line":112,"column":56}},"18":{"start":{"line":113,"column":8},"end":{"line":113,"column":3446}},"19":{"start":{"line":114,"column":12},"end":{"line":114,"column":20}},"20":{"start":{"line":117,"column":8},"end":{"line":117,"column":77}},"21":{"start":{"line":122,"column":8},"end":{"line":122,"column":52}}},"branchMap":{"1":{"line":47,"type":"if","locations":[{"start":{"line":47,"column":8},"end":{"line":47,"column":8}},{"start":{"line":47,"column":8},"end":{"line":47,"column":8}}]},"2":{"line":48,"type":"if","locations":[{"start":{"line":48,"column":8},"end":{"line":48,"column":8}},{"start":{"line":48,"column":8},"end":{"line":48,"column":8}}]},"3":{"line":53,"type":"if","locations":[{"start":{"line":53,"column":8},"end":{"line":53,"column":8}},{"start":{"line":53,"column":8},"end":{"line":53,"column":8}}]},"4":{"line":56,"type":"if","locations":[{"start":{"line":56,"column":8},"end":{"line":56,"column":8}},{"start":{"line":56,"column":8},"end":{"line":56,"column":8}}]},"5":{"line":72,"type":"if","locations":[{"start":{"line":72,"column":8},"end":{"line":72,"column":8}},{"start":{"line":72,"column":8},"end":{"line":72,"column":8}}]},"6":{"line":73,"type":"if","locations":[{"start":{"line":73,"column":8},"end":{"line":73,"column":8}},{"start":{"line":73,"column":8},"end":{"line":73,"column":8}}]},"7":{"line":82,"type":"if","locations":[{"start":{"line":82,"column":8},"end":{"line":82,"column":8}},{"start":{"line":82,"column":8},"end":{"line":82,"column":8}}]},"8":{"line":93,"type":"if","locations":[{"start":{"line":93,"column":8},"end":{"line":93,"column":8}},{"start":{"line":93,"column":8},"end":{"line":93,"column":8}}]},"9":{"line":98,"type":"if","locations":[{"start":{"line":98,"column":8},"end":{"line":98,"column":8}},{"start":{"line":98,"column":8},"end":{"line":98,"column":8}}]},"10":{"line":106,"type":"if","locations":[{"start":{"line":106,"column":8},"end":{"line":106,"column":8}},{"start":{"line":106,"column":8},"end":{"line":106,"column":8}}]},"11":{"line":113,"type":"if","locations":[{"start":{"line":113,"column":8},"end":{"line":113,"column":8}},{"start":{"line":113,"column":8},"end":{"line":113,"column":8}}]}}}}