TN:
SF:C:\Users\Administrator\Desktop\staking-coverage\contracts\ERC20Mock.sol
FN:20,constructor
FN:26,transfer
FN:34,transferFrom
FN:50,approve
FN:56,mint
FNF:5
FNH:4
FNDA:13,constructor
FNDA:31,transfer
FNDA:13,transferFrom
FNDA:27,approve
FNDA:0,mint
DA:21,13
DA:22,13
DA:23,13
DA:27,31
DA:28,31
DA:29,31
DA:30,31
DA:31,31
DA:39,13
DA:40,13
DA:42,12
DA:43,12
DA:44,12
DA:46,12
DA:47,12
DA:51,27
DA:52,27
DA:53,27
DA:57,0
DA:58,0
DA:59,0
LF:21
LH:18
BRDA:27,1,0,31
BRDA:27,1,1,0
BRDA:39,2,0,13
BRDA:39,2,1,0
BRDA:40,3,0,12
BRDA:40,3,1,1
BRF:6
BRH:4
end_of_record
TN:
SF:C:\Users\Administrator\Desktop\staking-coverage\contracts\Staking.sol
FN:19,constructor
FN:46,stake
FN:71,unstake
FN:89,claimReward
FN:105,calculateReward
FN:121,getTotalRewards
FNF:6
FNH:6
FNDA:13,constructor
FNDA:15,stake
FNDA:2,unstake
FNDA:2,claimReward
FNDA:8,calculateReward
FNDA:2,getTotalRewards
DA:20,13
DA:47,15
DA:48,14
DA:53,13
DA:54,1
DA:56,13
DA:61,12
DA:63,12
DA:65,12
DA:67,12
DA:72,2
DA:73,2
DA:78,1
DA:79,1
DA:80,1
DA:81,1
DA:82,1
DA:86,1
DA:91,2
DA:93,2
DA:95,2
DA:96,2
DA:98,2
DA:102,2
DA:106,8
DA:107,0
DA:109,8
DA:112,8
DA:113,8
DA:114,2
DA:117,6
DA:122,2
LF:32
LH:31
BRDA:47,1,0,14
BRDA:47,1,1,1
BRDA:48,2,0,13
BRDA:48,2,1,1
BRDA:53,3,0,1
BRDA:53,3,1,12
BRDA:56,4,0,12
BRDA:56,4,1,1
BRDA:72,5,0,2
BRDA:72,5,1,0
BRDA:73,6,0,1
BRDA:73,6,1,1
BRDA:82,7,0,1
BRDA:82,7,1,0
BRDA:93,8,0,2
BRDA:93,8,1,0
BRDA:98,9,0,2
BRDA:98,9,1,0
BRDA:106,10,0,0
BRDA:106,10,1,8
BRDA:113,11,0,2
BRDA:113,11,1,6
BRF:22
BRH:17
end_of_record
